2020/03/22 08:55:18 [error] [exception.CHttpException.404] CHttpException: Unable to resolve the request "css/fonts/fontawesome-webfont.ttf". in C:\xampp\yii\framework\web\CWebApplication.php:286
Stack trace:
#0 C:\xampp\yii\framework\web\CWebApplication.php(141): CWebApplication->runController('css/fonts/fonta...')
#1 C:\xampp\yii\framework\base\CApplication.php(180): CWebApplication->processRequest()
#2 C:\xampp\htdocs\index.php(13): CApplication->run()
#3 {main}
REQUEST_URI=/css/fonts/fontawesome-webfont.ttf?v=4.7.0
HTTP_REFERER=http://localhost/css/wisp/font-awesome.min.css
---
2020/03/22 08:55:18 [error] [exception.CHttpException.404] CHttpException: Unable to resolve the request "css/fonts/Material-Design-Iconic-Font.ttf". in C:\xampp\yii\framework\web\CWebApplication.php:286
Stack trace:
#0 C:\xampp\yii\framework\web\CWebApplication.php(141): CWebApplication->runController('css/fonts/Mater...')
#1 C:\xampp\yii\framework\base\CApplication.php(180): CWebApplication->processRequest()
#2 C:\xampp\htdocs\index.php(13): CApplication->run()
#3 {main}
REQUEST_URI=/css/fonts/Material-Design-Iconic-Font.ttf?v=2.2.0
HTTP_REFERER=http://localhost/css/wisp/material-design-iconic-font.min.css
---
2020/03/22 08:55:30 [error] [exception.CHttpException.404] CHttpException: Unable to resolve the request "img/core-img/small-logo.png". in C:\xampp\yii\framework\web\CWebApplication.php:286
Stack trace:
#0 C:\xampp\yii\framework\web\CWebApplication.php(141): CWebApplication->runController('img/core-img/sm...')
#1 C:\xampp\yii\framework\base\CApplication.php(180): CWebApplication->processRequest()
#2 C:\xampp\htdocs\index.php(13): CApplication->run()
#3 {main}
REQUEST_URI=/img/core-img/small-logo.png
HTTP_REFERER=http://localhost/
---
2020/03/22 08:55:30 [error] [exception.CHttpException.404] CHttpException: Unable to resolve the request "img/core-img/logo.png". in C:\xampp\yii\framework\web\CWebApplication.php:286
Stack trace:
#0 C:\xampp\yii\framework\web\CWebApplication.php(141): CWebApplication->runController('img/core-img/lo...')
#1 C:\xampp\yii\framework\base\CApplication.php(180): CWebApplication->processRequest()
#2 C:\xampp\htdocs\index.php(13): CApplication->run()
#3 {main}
REQUEST_URI=/img/core-img/logo.png
HTTP_REFERER=http://localhost/
---
2020/03/22 08:55:30 [error] [exception.CHttpException.404] CHttpException: Unable to resolve the request "img/member-img/2.jpg". in C:\xampp\yii\framework\web\CWebApplication.php:286
Stack trace:
#0 C:\xampp\yii\framework\web\CWebApplication.php(141): CWebApplication->runController('img/member-img/...')
#1 C:\xampp\yii\framework\base\CApplication.php(180): CWebApplication->processRequest()
#2 C:\xampp\htdocs\index.php(13): CApplication->run()
#3 {main}
REQUEST_URI=/img/member-img/2.jpg
HTTP_REFERER=http://localhost/
---
2020/03/22 08:55:30 [error] [exception.CHttpException.404] CHttpException: Unable to resolve the request "img/member-img/3.jpg". in C:\xampp\yii\framework\web\CWebApplication.php:286
Stack trace:
#0 C:\xampp\yii\framework\web\CWebApplication.php(141): CWebApplication->runController('img/member-img/...')
#1 C:\xampp\yii\framework\base\CApplication.php(180): CWebApplication->processRequest()
#2 C:\xampp\htdocs\index.php(13): CApplication->run()
#3 {main}
REQUEST_URI=/img/member-img/3.jpg
HTTP_REFERER=http://localhost/
---
2020/03/22 08:55:30 [error] [exception.CHttpException.404] CHttpException: Unable to resolve the request "img/member-img/1.jpg". in C:\xampp\yii\framework\web\CWebApplication.php:286
Stack trace:
#0 C:\xampp\yii\framework\web\CWebApplication.php(141): CWebApplication->runController('img/member-img/...')
#1 C:\xampp\yii\framework\base\CApplication.php(180): CWebApplication->processRequest()
#2 C:\xampp\htdocs\index.php(13): CApplication->run()
#3 {main}
REQUEST_URI=/img/member-img/1.jpg
HTTP_REFERER=http://localhost/
---
2020/03/22 08:55:30 [error] [exception.CHttpException.404] CHttpException: Unable to resolve the request "img/member-img/6.jpg". in C:\xampp\yii\framework\web\CWebApplication.php:286
Stack trace:
#0 C:\xampp\yii\framework\web\CWebApplication.php(141): CWebApplication->runController('img/member-img/...')
#1 C:\xampp\yii\framework\base\CApplication.php(180): CWebApplication->processRequest()
#2 C:\xampp\htdocs\index.php(13): CApplication->run()
#3 {main}
REQUEST_URI=/img/member-img/6.jpg
HTTP_REFERER=http://localhost/
---
2020/03/22 08:55:30 [error] [exception.CHttpException.404] CHttpException: Unable to resolve the request "img/member-img/5.jpg". in C:\xampp\yii\framework\web\CWebApplication.php:286
Stack trace:
#0 C:\xampp\yii\framework\web\CWebApplication.php(141): CWebApplication->runController('img/member-img/...')
#1 C:\xampp\yii\framework\base\CApplication.php(180): CWebApplication->processRequest()
#2 C:\xampp\htdocs\index.php(13): CApplication->run()
#3 {main}
REQUEST_URI=/img/member-img/5.jpg
HTTP_REFERER=http://localhost/
---
2020/03/22 08:55:30 [error] [exception.CHttpException.404] CHttpException: Unable to resolve the request "img/member-img/4.jpg". in C:\xampp\yii\framework\web\CWebApplication.php:286
Stack trace:
#0 C:\xampp\yii\framework\web\CWebApplication.php(141): CWebApplication->runController('img/member-img/...')
#1 C:\xampp\yii\framework\base\CApplication.php(180): CWebApplication->processRequest()
#2 C:\xampp\htdocs\index.php(13): CApplication->run()
#3 {main}
REQUEST_URI=/img/member-img/4.jpg
HTTP_REFERER=http://localhost/
---
2020/03/22 08:55:30 [error] [exception.CHttpException.404] CHttpException: Unable to resolve the request "css/wisp/typicons.min.css". in C:\xampp\yii\framework\web\CWebApplication.php:286
Stack trace:
#0 C:\xampp\yii\framework\web\CWebApplication.php(141): CWebApplication->runController('css/wisp/typico...')
#1 C:\xampp\yii\framework\base\CApplication.php(180): CWebApplication->processRequest()
#2 C:\xampp\htdocs\index.php(13): CApplication->run()
#3 {main}
REQUEST_URI=/css/wisp/typicons.min.css
HTTP_REFERER=http://localhost/
---
2020/03/22 08:55:30 [error] [exception.CHttpException.404] CHttpException: Unable to resolve the request "img/bg-img/bg-icon.png". in C:\xampp\yii\framework\web\CWebApplication.php:286
Stack trace:
#0 C:\xampp\yii\framework\web\CWebApplication.php(141): CWebApplication->runController('img/bg-img/bg-i...')
#1 C:\xampp\yii\framework\base\CApplication.php(180): CWebApplication->processRequest()
#2 C:\xampp\htdocs\index.php(13): CApplication->run()
#3 {main}
REQUEST_URI=/img/bg-img/bg-icon.png
HTTP_REFERER=http://localhost/
---
2020/03/22 08:55:32 [error] [exception.CHttpException.404] CHttpException: Unable to resolve the request "etline/fonts/et-line.woff". in C:\xampp\yii\framework\web\CWebApplication.php:286
Stack trace:
#0 C:\xampp\yii\framework\web\CWebApplication.php(141): CWebApplication->runController('etline/fonts/et...')
#1 C:\xampp\yii\framework\base\CApplication.php(180): CWebApplication->processRequest()
#2 C:\xampp\htdocs\index.php(13): CApplication->run()
#3 {main}
REQUEST_URI=/etline/fonts/et-line.woff
HTTP_REFERER=http://localhost/etline/style.css
---
2020/03/22 08:55:32 [error] [exception.CHttpException.404] CHttpException: Unable to resolve the request "css/fonts/fontawesome-webfont.woff2". in C:\xampp\yii\framework\web\CWebApplication.php:286
Stack trace:
#0 C:\xampp\yii\framework\web\CWebApplication.php(141): CWebApplication->runController('css/fonts/fonta...')
#1 C:\xampp\yii\framework\base\CApplication.php(180): CWebApplication->processRequest()
#2 C:\xampp\htdocs\index.php(13): CApplication->run()
#3 {main}
REQUEST_URI=/css/fonts/fontawesome-webfont.woff2?v=4.7.0
HTTP_REFERER=http://localhost/css/wisp/font-awesome.min.css
---
2020/03/22 08:55:32 [error] [exception.CHttpException.404] CHttpException: Unable to resolve the request "css/fonts/themify.woff". in C:\xampp\yii\framework\web\CWebApplication.php:286
Stack trace:
#0 C:\xampp\yii\framework\web\CWebApplication.php(141): CWebApplication->runController('css/fonts/themi...')
#1 C:\xampp\yii\framework\base\CApplication.php(180): CWebApplication->processRequest()
#2 C:\xampp\htdocs\index.php(13): CApplication->run()
#3 {main}
REQUEST_URI=/css/fonts/themify.woff?-fvbane
HTTP_REFERER=http://localhost/css/wisp/default-assets/themify-icons.css
---
2020/03/22 08:55:32 [error] [exception.CHttpException.404] CHttpException: Unable to resolve the request "css/fonts/Material-Design-Iconic-Font.woff2". in C:\xampp\yii\framework\web\CWebApplication.php:286
Stack trace:
#0 C:\xampp\yii\framework\web\CWebApplication.php(141): CWebApplication->runController('css/fonts/Mater...')
#1 C:\xampp\yii\framework\base\CApplication.php(180): CWebApplication->processRequest()
#2 C:\xampp\htdocs\index.php(13): CApplication->run()
#3 {main}
REQUEST_URI=/css/fonts/Material-Design-Iconic-Font.woff2?v=2.2.0
HTTP_REFERER=http://localhost/css/wisp/material-design-iconic-font.min.css
---
2020/03/22 08:55:32 [error] [exception.CHttpException.404] CHttpException: Unable to resolve the request "css/wisp/fonts/ElegantIcons.woff". in C:\xampp\yii\framework\web\CWebApplication.php:286
Stack trace:
#0 C:\xampp\yii\framework\web\CWebApplication.php(141): CWebApplication->runController('css/wisp/fonts/...')
#1 C:\xampp\yii\framework\base\CApplication.php(180): CWebApplication->processRequest()
#2 C:\xampp\htdocs\index.php(13): CApplication->run()
#3 {main}
REQUEST_URI=/css/wisp/fonts/ElegantIcons.woff
HTTP_REFERER=http://localhost/css/wisp/style.css
---
2020/03/22 08:55:32 [error] [exception.CHttpException.404] CHttpException: Unable to resolve the request "img/member-img/1.jpg". in C:\xampp\yii\framework\web\CWebApplication.php:286
Stack trace:
#0 C:\xampp\yii\framework\web\CWebApplication.php(141): CWebApplication->runController('img/member-img/...')
#1 C:\xampp\yii\framework\base\CApplication.php(180): CWebApplication->processRequest()
#2 C:\xampp\htdocs\index.php(13): CApplication->run()
#3 {main}
REQUEST_URI=/img/member-img/1.jpg
HTTP_REFERER=http://localhost/
---
2020/03/22 08:55:32 [error] [exception.CHttpException.404] CHttpException: Unable to resolve the request "etline/fonts/et-line.ttf". in C:\xampp\yii\framework\web\CWebApplication.php:286
Stack trace:
#0 C:\xampp\yii\framework\web\CWebApplication.php(141): CWebApplication->runController('etline/fonts/et...')
#1 C:\xampp\yii\framework\base\CApplication.php(180): CWebApplication->processRequest()
#2 C:\xampp\htdocs\index.php(13): CApplication->run()
#3 {main}
REQUEST_URI=/etline/fonts/et-line.ttf
HTTP_REFERER=http://localhost/etline/style.css
---
2020/03/22 08:55:32 [error] [exception.CHttpException.404] CHttpException: Unable to resolve the request "css/fonts/fontawesome-webfont.woff". in C:\xampp\yii\framework\web\CWebApplication.php:286
Stack trace:
#0 C:\xampp\yii\framework\web\CWebApplication.php(141): CWebApplication->runController('css/fonts/fonta...')
#1 C:\xampp\yii\framework\base\CApplication.php(180): CWebApplication->processRequest()
#2 C:\xampp\htdocs\index.php(13): CApplication->run()
#3 {main}
REQUEST_URI=/css/fonts/fontawesome-webfont.woff?v=4.7.0
HTTP_REFERER=http://localhost/css/wisp/font-awesome.min.css
---
2020/03/22 08:55:32 [error] [exception.CHttpException.404] CHttpException: Unable to resolve the request "css/fonts/themify.ttf". in C:\xampp\yii\framework\web\CWebApplication.php:286
Stack trace:
#0 C:\xampp\yii\framework\web\CWebApplication.php(141): CWebApplication->runController('css/fonts/themi...')
#1 C:\xampp\yii\framework\base\CApplication.php(180): CWebApplication->processRequest()
#2 C:\xampp\htdocs\index.php(13): CApplication->run()
#3 {main}
REQUEST_URI=/css/fonts/themify.ttf?-fvbane
HTTP_REFERER=http://localhost/css/wisp/default-assets/themify-icons.css
---
2020/03/22 08:55:33 [error] [exception.CHttpException.404] CHttpException: Unable to resolve the request "css/wisp/fonts/ElegantIcons.ttf". in C:\xampp\yii\framework\web\CWebApplication.php:286
Stack trace:
#0 C:\xampp\yii\framework\web\CWebApplication.php(141): CWebApplication->runController('css/wisp/fonts/...')
#1 C:\xampp\yii\framework\base\CApplication.php(180): CWebApplication->processRequest()
#2 C:\xampp\htdocs\index.php(13): CApplication->run()
#3 {main}
REQUEST_URI=/css/wisp/fonts/ElegantIcons.ttf
HTTP_REFERER=http://localhost/css/wisp/style.css
---
2020/03/22 08:55:33 [error] [exception.CHttpException.404] CHttpException: Unable to resolve the request "css/fonts/Material-Design-Iconic-Font.woff". in C:\xampp\yii\framework\web\CWebApplication.php:286
Stack trace:
#0 C:\xampp\yii\framework\web\CWebApplication.php(141): CWebApplication->runController('css/fonts/Mater...')
#1 C:\xampp\yii\framework\base\CApplication.php(180): CWebApplication->processRequest()
#2 C:\xampp\htdocs\index.php(13): CApplication->run()
#3 {main}
REQUEST_URI=/css/fonts/Material-Design-Iconic-Font.woff?v=2.2.0
HTTP_REFERER=http://localhost/css/wisp/material-design-iconic-font.min.css
---
2020/03/22 08:55:34 [error] [exception.CHttpException.404] CHttpException: Unable to resolve the request "css/fonts/Material-Design-Iconic-Font.ttf". in C:\xampp\yii\framework\web\CWebApplication.php:286
Stack trace:
#0 C:\xampp\yii\framework\web\CWebApplication.php(141): CWebApplication->runController('css/fonts/Mater...')
#1 C:\xampp\yii\framework\base\CApplication.php(180): CWebApplication->processRequest()
#2 C:\xampp\htdocs\index.php(13): CApplication->run()
#3 {main}
REQUEST_URI=/css/fonts/Material-Design-Iconic-Font.ttf?v=2.2.0
HTTP_REFERER=http://localhost/css/wisp/material-design-iconic-font.min.css
---
2020/03/22 08:55:34 [error] [exception.CHttpException.404] CHttpException: Unable to resolve the request "css/fonts/fontawesome-webfont.ttf". in C:\xampp\yii\framework\web\CWebApplication.php:286
Stack trace:
#0 C:\xampp\yii\framework\web\CWebApplication.php(141): CWebApplication->runController('css/fonts/fonta...')
#1 C:\xampp\yii\framework\base\CApplication.php(180): CWebApplication->processRequest()
#2 C:\xampp\htdocs\index.php(13): CApplication->run()
#3 {main}
REQUEST_URI=/css/fonts/fontawesome-webfont.ttf?v=4.7.0
HTTP_REFERER=http://localhost/css/wisp/font-awesome.min.css
---
2020/03/22 08:57:21 [error] [exception.CHttpException.404] CHttpException: Unable to resolve the request "img/core-img/logo.png". in C:\xampp\yii\framework\web\CWebApplication.php:286
Stack trace:
#0 C:\xampp\yii\framework\web\CWebApplication.php(141): CWebApplication->runController('img/core-img/lo...')
#1 C:\xampp\yii\framework\base\CApplication.php(180): CWebApplication->processRequest()
#2 C:\xampp\htdocs\index.php(13): CApplication->run()
#3 {main}
REQUEST_URI=/img/core-img/logo.png
HTTP_REFERER=http://localhost/
---
2020/03/22 08:57:21 [error] [exception.CHttpException.404] CHttpException: Unable to resolve the request "img/core-img/small-logo.png". in C:\xampp\yii\framework\web\CWebApplication.php:286
Stack trace:
#0 C:\xampp\yii\framework\web\CWebApplication.php(141): CWebApplication->runController('img/core-img/sm...')
#1 C:\xampp\yii\framework\base\CApplication.php(180): CWebApplication->processRequest()
#2 C:\xampp\htdocs\index.php(13): CApplication->run()
#3 {main}
REQUEST_URI=/img/core-img/small-logo.png
HTTP_REFERER=http://localhost/
---
2020/03/22 08:57:21 [error] [exception.CHttpException.404] CHttpException: Unable to resolve the request "img/member-img/2.jpg". in C:\xampp\yii\framework\web\CWebApplication.php:286
Stack trace:
#0 C:\xampp\yii\framework\web\CWebApplication.php(141): CWebApplication->runController('img/member-img/...')
#1 C:\xampp\yii\framework\base\CApplication.php(180): CWebApplication->processRequest()
#2 C:\xampp\htdocs\index.php(13): CApplication->run()
#3 {main}
REQUEST_URI=/img/member-img/2.jpg
HTTP_REFERER=http://localhost/
---
2020/03/22 08:57:21 [error] [exception.CHttpException.404] CHttpException: Unable to resolve the request "img/member-img/1.jpg". in C:\xampp\yii\framework\web\CWebApplication.php:286
Stack trace:
#0 C:\xampp\yii\framework\web\CWebApplication.php(141): CWebApplication->runController('img/member-img/...')
#1 C:\xampp\yii\framework\base\CApplication.php(180): CWebApplication->processRequest()
#2 C:\xampp\htdocs\index.php(13): CApplication->run()
#3 {main}
REQUEST_URI=/img/member-img/1.jpg
HTTP_REFERER=http://localhost/
---
2020/03/22 08:57:21 [error] [exception.CHttpException.404] CHttpException: Unable to resolve the request "img/member-img/3.jpg". in C:\xampp\yii\framework\web\CWebApplication.php:286
Stack trace:
#0 C:\xampp\yii\framework\web\CWebApplication.php(141): CWebApplication->runController('img/member-img/...')
#1 C:\xampp\yii\framework\base\CApplication.php(180): CWebApplication->processRequest()
#2 C:\xampp\htdocs\index.php(13): CApplication->run()
#3 {main}
REQUEST_URI=/img/member-img/3.jpg
HTTP_REFERER=http://localhost/
---
2020/03/22 08:57:21 [error] [exception.CHttpException.404] CHttpException: Unable to resolve the request "img/member-img/4.jpg". in C:\xampp\yii\framework\web\CWebApplication.php:286
Stack trace:
#0 C:\xampp\yii\framework\web\CWebApplication.php(141): CWebApplication->runController('img/member-img/...')
#1 C:\xampp\yii\framework\base\CApplication.php(180): CWebApplication->processRequest()
#2 C:\xampp\htdocs\index.php(13): CApplication->run()
#3 {main}
REQUEST_URI=/img/member-img/4.jpg
HTTP_REFERER=http://localhost/
---
2020/03/22 08:57:21 [error] [exception.CHttpException.404] CHttpException: Unable to resolve the request "img/member-img/5.jpg". in C:\xampp\yii\framework\web\CWebApplication.php:286
Stack trace:
#0 C:\xampp\yii\framework\web\CWebApplication.php(141): CWebApplication->runController('img/member-img/...')
#1 C:\xampp\yii\framework\base\CApplication.php(180): CWebApplication->processRequest()
#2 C:\xampp\htdocs\index.php(13): CApplication->run()
#3 {main}
REQUEST_URI=/img/member-img/5.jpg
HTTP_REFERER=http://localhost/
---
2020/03/22 08:57:21 [error] [exception.CHttpException.404] CHttpException: Unable to resolve the request "img/member-img/6.jpg". in C:\xampp\yii\framework\web\CWebApplication.php:286
Stack trace:
#0 C:\xampp\yii\framework\web\CWebApplication.php(141): CWebApplication->runController('img/member-img/...')
#1 C:\xampp\yii\framework\base\CApplication.php(180): CWebApplication->processRequest()
#2 C:\xampp\htdocs\index.php(13): CApplication->run()
#3 {main}
REQUEST_URI=/img/member-img/6.jpg
HTTP_REFERER=http://localhost/
---
2020/03/22 08:57:21 [error] [exception.CHttpException.404] CHttpException: Unable to resolve the request "css/wisp/typicons.min.css". in C:\xampp\yii\framework\web\CWebApplication.php:286
Stack trace:
#0 C:\xampp\yii\framework\web\CWebApplication.php(141): CWebApplication->runController('css/wisp/typico...')
#1 C:\xampp\yii\framework\base\CApplication.php(180): CWebApplication->processRequest()
#2 C:\xampp\htdocs\index.php(13): CApplication->run()
#3 {main}
REQUEST_URI=/css/wisp/typicons.min.css
HTTP_REFERER=http://localhost/
---
2020/03/22 08:57:21 [error] [exception.CHttpException.404] CHttpException: Unable to resolve the request "img/bg-img/bg-icon.png". in C:\xampp\yii\framework\web\CWebApplication.php:286
Stack trace:
#0 C:\xampp\yii\framework\web\CWebApplication.php(141): CWebApplication->runController('img/bg-img/bg-i...')
#1 C:\xampp\yii\framework\base\CApplication.php(180): CWebApplication->processRequest()
#2 C:\xampp\htdocs\index.php(13): CApplication->run()
#3 {main}
REQUEST_URI=/img/bg-img/bg-icon.png
HTTP_REFERER=http://localhost/
---
2020/03/22 08:57:23 [error] [exception.CHttpException.404] CHttpException: Unable to resolve the request "css/fonts/Material-Design-Iconic-Font.woff2". in C:\xampp\yii\framework\web\CWebApplication.php:286
Stack trace:
#0 C:\xampp\yii\framework\web\CWebApplication.php(141): CWebApplication->runController('css/fonts/Mater...')
#1 C:\xampp\yii\framework\base\CApplication.php(180): CWebApplication->processRequest()
#2 C:\xampp\htdocs\index.php(13): CApplication->run()
#3 {main}
REQUEST_URI=/css/fonts/Material-Design-Iconic-Font.woff2?v=2.2.0
HTTP_REFERER=http://localhost/css/wisp/material-design-iconic-font.min.css
---
2020/03/22 08:57:23 [error] [exception.CHttpException.404] CHttpException: Unable to resolve the request "css/wisp/fonts/ElegantIcons.woff". in C:\xampp\yii\framework\web\CWebApplication.php:286
Stack trace:
#0 C:\xampp\yii\framework\web\CWebApplication.php(141): CWebApplication->runController('css/wisp/fonts/...')
#1 C:\xampp\yii\framework\base\CApplication.php(180): CWebApplication->processRequest()
#2 C:\xampp\htdocs\index.php(13): CApplication->run()
#3 {main}
REQUEST_URI=/css/wisp/fonts/ElegantIcons.woff
HTTP_REFERER=http://localhost/css/wisp/style.css
---
2020/03/22 08:57:23 [error] [exception.CHttpException.404] CHttpException: Unable to resolve the request "img/member-img/1.jpg". in C:\xampp\yii\framework\web\CWebApplication.php:286
Stack trace:
#0 C:\xampp\yii\framework\web\CWebApplication.php(141): CWebApplication->runController('img/member-img/...')
#1 C:\xampp\yii\framework\base\CApplication.php(180): CWebApplication->processRequest()
#2 C:\xampp\htdocs\index.php(13): CApplication->run()
#3 {main}
REQUEST_URI=/img/member-img/1.jpg
HTTP_REFERER=http://localhost/
---
2020/03/22 08:57:23 [error] [exception.CHttpException.404] CHttpException: Unable to resolve the request "css/fonts/fontawesome-webfont.woff2". in C:\xampp\yii\framework\web\CWebApplication.php:286
Stack trace:
#0 C:\xampp\yii\framework\web\CWebApplication.php(141): CWebApplication->runController('css/fonts/fonta...')
#1 C:\xampp\yii\framework\base\CApplication.php(180): CWebApplication->processRequest()
#2 C:\xampp\htdocs\index.php(13): CApplication->run()
#3 {main}
REQUEST_URI=/css/fonts/fontawesome-webfont.woff2?v=4.7.0
HTTP_REFERER=http://localhost/css/wisp/font-awesome.min.css
---
2020/03/22 08:57:23 [error] [exception.CHttpException.404] CHttpException: Unable to resolve the request "css/fonts/themify.woff". in C:\xampp\yii\framework\web\CWebApplication.php:286
Stack trace:
#0 C:\xampp\yii\framework\web\CWebApplication.php(141): CWebApplication->runController('css/fonts/themi...')
#1 C:\xampp\yii\framework\base\CApplication.php(180): CWebApplication->processRequest()
#2 C:\xampp\htdocs\index.php(13): CApplication->run()
#3 {main}
REQUEST_URI=/css/fonts/themify.woff?-fvbane
HTTP_REFERER=http://localhost/css/wisp/default-assets/themify-icons.css
---
2020/03/22 08:57:23 [error] [exception.CHttpException.404] CHttpException: Unable to resolve the request "etline/fonts/et-line.woff". in C:\xampp\yii\framework\web\CWebApplication.php:286
Stack trace:
#0 C:\xampp\yii\framework\web\CWebApplication.php(141): CWebApplication->runController('etline/fonts/et...')
#1 C:\xampp\yii\framework\base\CApplication.php(180): CWebApplication->processRequest()
#2 C:\xampp\htdocs\index.php(13): CApplication->run()
#3 {main}
REQUEST_URI=/etline/fonts/et-line.woff
HTTP_REFERER=http://localhost/etline/style.css
---
2020/03/22 08:57:23 [error] [exception.CHttpException.404] CHttpException: Unable to resolve the request "css/fonts/Material-Design-Iconic-Font.woff". in C:\xampp\yii\framework\web\CWebApplication.php:286
Stack trace:
#0 C:\xampp\yii\framework\web\CWebApplication.php(141): CWebApplication->runController('css/fonts/Mater...')
#1 C:\xampp\yii\framework\base\CApplication.php(180): CWebApplication->processRequest()
#2 C:\xampp\htdocs\index.php(13): CApplication->run()
#3 {main}
REQUEST_URI=/css/fonts/Material-Design-Iconic-Font.woff?v=2.2.0
HTTP_REFERER=http://localhost/css/wisp/material-design-iconic-font.min.css
---
2020/03/22 08:57:23 [error] [exception.CHttpException.404] CHttpException: Unable to resolve the request "css/fonts/fontawesome-webfont.woff". in C:\xampp\yii\framework\web\CWebApplication.php:286
Stack trace:
#0 C:\xampp\yii\framework\web\CWebApplication.php(141): CWebApplication->runController('css/fonts/fonta...')
#1 C:\xampp\yii\framework\base\CApplication.php(180): CWebApplication->processRequest()
#2 C:\xampp\htdocs\index.php(13): CApplication->run()
#3 {main}
REQUEST_URI=/css/fonts/fontawesome-webfont.woff?v=4.7.0
HTTP_REFERER=http://localhost/css/wisp/font-awesome.min.css
---
2020/03/22 08:57:23 [error] [exception.CHttpException.404] CHttpException: Unable to resolve the request "css/wisp/fonts/ElegantIcons.ttf". in C:\xampp\yii\framework\web\CWebApplication.php:286
Stack trace:
#0 C:\xampp\yii\framework\web\CWebApplication.php(141): CWebApplication->runController('css/wisp/fonts/...')
#1 C:\xampp\yii\framework\base\CApplication.php(180): CWebApplication->processRequest()
#2 C:\xampp\htdocs\index.php(13): CApplication->run()
#3 {main}
REQUEST_URI=/css/wisp/fonts/ElegantIcons.ttf
HTTP_REFERER=http://localhost/css/wisp/style.css
---
2020/03/22 08:57:23 [error] [exception.CHttpException.404] CHttpException: Unable to resolve the request "etline/fonts/et-line.ttf". in C:\xampp\yii\framework\web\CWebApplication.php:286
Stack trace:
#0 C:\xampp\yii\framework\web\CWebApplication.php(141): CWebApplication->runController('etline/fonts/et...')
#1 C:\xampp\yii\framework\base\CApplication.php(180): CWebApplication->processRequest()
#2 C:\xampp\htdocs\index.php(13): CApplication->run()
#3 {main}
REQUEST_URI=/etline/fonts/et-line.ttf
HTTP_REFERER=http://localhost/etline/style.css
---
2020/03/22 08:57:23 [error] [exception.CHttpException.404] CHttpException: Unable to resolve the request "css/fonts/themify.ttf". in C:\xampp\yii\framework\web\CWebApplication.php:286
Stack trace:
#0 C:\xampp\yii\framework\web\CWebApplication.php(141): CWebApplication->runController('css/fonts/themi...')
#1 C:\xampp\yii\framework\base\CApplication.php(180): CWebApplication->processRequest()
#2 C:\xampp\htdocs\index.php(13): CApplication->run()
#3 {main}
REQUEST_URI=/css/fonts/themify.ttf?-fvbane
HTTP_REFERER=http://localhost/css/wisp/default-assets/themify-icons.css
---
2020/03/22 08:57:24 [error] [exception.CHttpException.404] CHttpException: Unable to resolve the request "css/fonts/Material-Design-Iconic-Font.ttf". in C:\xampp\yii\framework\web\CWebApplication.php:286
Stack trace:
#0 C:\xampp\yii\framework\web\CWebApplication.php(141): CWebApplication->runController('css/fonts/Mater...')
#1 C:\xampp\yii\framework\base\CApplication.php(180): CWebApplication->processRequest()
#2 C:\xampp\htdocs\index.php(13): CApplication->run()
#3 {main}
REQUEST_URI=/css/fonts/Material-Design-Iconic-Font.ttf?v=2.2.0
HTTP_REFERER=http://localhost/css/wisp/material-design-iconic-font.min.css
---
2020/03/22 08:57:24 [error] [exception.CHttpException.404] CHttpException: Unable to resolve the request "css/fonts/fontawesome-webfont.ttf". in C:\xampp\yii\framework\web\CWebApplication.php:286
Stack trace:
#0 C:\xampp\yii\framework\web\CWebApplication.php(141): CWebApplication->runController('css/fonts/fonta...')
#1 C:\xampp\yii\framework\base\CApplication.php(180): CWebApplication->processRequest()
#2 C:\xampp\htdocs\index.php(13): CApplication->run()
#3 {main}
REQUEST_URI=/css/fonts/fontawesome-webfont.ttf?v=4.7.0
HTTP_REFERER=http://localhost/css/wisp/font-awesome.min.css
---
2020/03/22 08:57:42 [error] [exception.CHttpException.404] CHttpException: Unable to resolve the request "css/wisp/typicons.min.css". in C:\xampp\yii\framework\web\CWebApplication.php:286
Stack trace:
#0 C:\xampp\yii\framework\web\CWebApplication.php(141): CWebApplication->runController('css/wisp/typico...')
#1 C:\xampp\yii\framework\base\CApplication.php(180): CWebApplication->processRequest()
#2 C:\xampp\htdocs\index.php(13): CApplication->run()
#3 {main}
REQUEST_URI=/css/wisp/typicons.min.css
HTTP_REFERER=http://localhost/
---
2020/03/22 08:57:43 [error] [exception.CHttpException.404] CHttpException: Unable to resolve the request "js/bootstrap.min.js.map". in C:\xampp\yii\framework\web\CWebApplication.php:286
Stack trace:
#0 C:\xampp\yii\framework\web\CWebApplication.php(141): CWebApplication->runController('js/bootstrap.mi...')
#1 C:\xampp\yii\framework\base\CApplication.php(180): CWebApplication->processRequest()
#2 C:\xampp\htdocs\index.php(13): CApplication->run()
#3 {main}
REQUEST_URI=/js/bootstrap.min.js.map
---
2020/03/22 08:57:43 [error] [exception.CHttpException.404] CHttpException: Unable to resolve the request "js/popper.min.js.map". in C:\xampp\yii\framework\web\CWebApplication.php:286
Stack trace:
#0 C:\xampp\yii\framework\web\CWebApplication.php(141): CWebApplication->runController('js/popper.min.j...')
#1 C:\xampp\yii\framework\base\CApplication.php(180): CWebApplication->processRequest()
#2 C:\xampp\htdocs\index.php(13): CApplication->run()
#3 {main}
REQUEST_URI=/js/popper.min.js.map
---
2020/03/22 08:57:43 [error] [exception.CHttpException.404] CHttpException: Unable to resolve the request "js/jarallax-video.min.js.map". in C:\xampp\yii\framework\web\CWebApplication.php:286
Stack trace:
#0 C:\xampp\yii\framework\web\CWebApplication.php(141): CWebApplication->runController('js/jarallax-vid...')
#1 C:\xampp\yii\framework\base\CApplication.php(180): CWebApplication->processRequest()
#2 C:\xampp\htdocs\index.php(13): CApplication->run()
#3 {main}
REQUEST_URI=/js/jarallax-video.min.js.map
---
2020/03/22 08:57:43 [error] [exception.CHttpException.404] CHttpException: Unable to resolve the request "css/wisp/bootstrap.min.css.map". in C:\xampp\yii\framework\web\CWebApplication.php:286
Stack trace:
#0 C:\xampp\yii\framework\web\CWebApplication.php(141): CWebApplication->runController('css/wisp/bootst...')
#1 C:\xampp\yii\framework\base\CApplication.php(180): CWebApplication->processRequest()
#2 C:\xampp\htdocs\index.php(13): CApplication->run()
#3 {main}
REQUEST_URI=/css/wisp/bootstrap.min.css.map
---
2020/03/22 08:57:43 [error] [exception.CHttpException.404] CHttpException: Unable to resolve the request "css/style.css.map". in C:\xampp\yii\framework\web\CWebApplication.php:286
Stack trace:
#0 C:\xampp\yii\framework\web\CWebApplication.php(141): CWebApplication->runController('css/style.css.m...')
#1 C:\xampp\yii\framework\base\CApplication.php(180): CWebApplication->processRequest()
#2 C:\xampp\htdocs\index.php(13): CApplication->run()
#3 {main}
REQUEST_URI=/css/style.css.map
---
2020/03/22 08:58:36 [error] [exception.CHttpException.404] CHttpException: Unable to resolve the request "img/core-img/logo.png". in C:\xampp\yii\framework\web\CWebApplication.php:286
Stack trace:
#0 C:\xampp\yii\framework\web\CWebApplication.php(141): CWebApplication->runController('img/core-img/lo...')
#1 C:\xampp\yii\framework\base\CApplication.php(180): CWebApplication->processRequest()
#2 C:\xampp\htdocs\index.php(13): CApplication->run()
#3 {main}
REQUEST_URI=/img/core-img/logo.png
HTTP_REFERER=http://localhost/
---
2020/03/22 08:58:36 [error] [exception.CHttpException.404] CHttpException: Unable to resolve the request "img/core-img/small-logo.png". in C:\xampp\yii\framework\web\CWebApplication.php:286
Stack trace:
#0 C:\xampp\yii\framework\web\CWebApplication.php(141): CWebApplication->runController('img/core-img/sm...')
#1 C:\xampp\yii\framework\base\CApplication.php(180): CWebApplication->processRequest()
#2 C:\xampp\htdocs\index.php(13): CApplication->run()
#3 {main}
REQUEST_URI=/img/core-img/small-logo.png
HTTP_REFERER=http://localhost/
---
2020/03/22 08:58:36 [error] [exception.CHttpException.404] CHttpException: Unable to resolve the request "css/wisp/typicons.min.css". in C:\xampp\yii\framework\web\CWebApplication.php:286
Stack trace:
#0 C:\xampp\yii\framework\web\CWebApplication.php(141): CWebApplication->runController('css/wisp/typico...')
#1 C:\xampp\yii\framework\base\CApplication.php(180): CWebApplication->processRequest()
#2 C:\xampp\htdocs\index.php(13): CApplication->run()
#3 {main}
REQUEST_URI=/css/wisp/typicons.min.css
HTTP_REFERER=http://localhost/
---
2020/03/22 08:58:36 [error] [exception.CHttpException.404] CHttpException: Unable to resolve the request "img/member-img/1.jpg". in C:\xampp\yii\framework\web\CWebApplication.php:286
Stack trace:
#0 C:\xampp\yii\framework\web\CWebApplication.php(141): CWebApplication->runController('img/member-img/...')
#1 C:\xampp\yii\framework\base\CApplication.php(180): CWebApplication->processRequest()
#2 C:\xampp\htdocs\index.php(13): CApplication->run()
#3 {main}
REQUEST_URI=/img/member-img/1.jpg
HTTP_REFERER=http://localhost/
---
2020/03/22 08:58:36 [error] [exception.CHttpException.404] CHttpException: Unable to resolve the request "img/member-img/3.jpg". in C:\xampp\yii\framework\web\CWebApplication.php:286
Stack trace:
#0 C:\xampp\yii\framework\web\CWebApplication.php(141): CWebApplication->runController('img/member-img/...')
#1 C:\xampp\yii\framework\base\CApplication.php(180): CWebApplication->processRequest()
#2 C:\xampp\htdocs\index.php(13): CApplication->run()
#3 {main}
REQUEST_URI=/img/member-img/3.jpg
HTTP_REFERER=http://localhost/
---
2020/03/22 08:58:36 [error] [exception.CHttpException.404] CHttpException: Unable to resolve the request "img/member-img/2.jpg". in C:\xampp\yii\framework\web\CWebApplication.php:286
Stack trace:
#0 C:\xampp\yii\framework\web\CWebApplication.php(141): CWebApplication->runController('img/member-img/...')
#1 C:\xampp\yii\framework\base\CApplication.php(180): CWebApplication->processRequest()
#2 C:\xampp\htdocs\index.php(13): CApplication->run()
#3 {main}
REQUEST_URI=/img/member-img/2.jpg
HTTP_REFERER=http://localhost/
---
2020/03/22 08:58:36 [error] [exception.CHttpException.404] CHttpException: Unable to resolve the request "img/member-img/4.jpg". in C:\xampp\yii\framework\web\CWebApplication.php:286
Stack trace:
#0 C:\xampp\yii\framework\web\CWebApplication.php(141): CWebApplication->runController('img/member-img/...')
#1 C:\xampp\yii\framework\base\CApplication.php(180): CWebApplication->processRequest()
#2 C:\xampp\htdocs\index.php(13): CApplication->run()
#3 {main}
REQUEST_URI=/img/member-img/4.jpg
HTTP_REFERER=http://localhost/
---
2020/03/22 08:58:37 [error] [exception.CHttpException.404] CHttpException: Unable to resolve the request "img/member-img/5.jpg". in C:\xampp\yii\framework\web\CWebApplication.php:286
Stack trace:
#0 C:\xampp\yii\framework\web\CWebApplication.php(141): CWebApplication->runController('img/member-img/...')
#1 C:\xampp\yii\framework\base\CApplication.php(180): CWebApplication->processRequest()
#2 C:\xampp\htdocs\index.php(13): CApplication->run()
#3 {main}
REQUEST_URI=/img/member-img/5.jpg
HTTP_REFERER=http://localhost/
---
2020/03/22 08:58:37 [error] [exception.CHttpException.404] CHttpException: Unable to resolve the request "img/member-img/6.jpg". in C:\xampp\yii\framework\web\CWebApplication.php:286
Stack trace:
#0 C:\xampp\yii\framework\web\CWebApplication.php(141): CWebApplication->runController('img/member-img/...')
#1 C:\xampp\yii\framework\base\CApplication.php(180): CWebApplication->processRequest()
#2 C:\xampp\htdocs\index.php(13): CApplication->run()
#3 {main}
REQUEST_URI=/img/member-img/6.jpg
HTTP_REFERER=http://localhost/
---
2020/03/22 08:58:37 [error] [exception.CHttpException.404] CHttpException: Unable to resolve the request "img/bg-img/bg-icon.png". in C:\xampp\yii\framework\web\CWebApplication.php:286
Stack trace:
#0 C:\xampp\yii\framework\web\CWebApplication.php(141): CWebApplication->runController('img/bg-img/bg-i...')
#1 C:\xampp\yii\framework\base\CApplication.php(180): CWebApplication->processRequest()
#2 C:\xampp\htdocs\index.php(13): CApplication->run()
#3 {main}
REQUEST_URI=/img/bg-img/bg-icon.png
HTTP_REFERER=http://localhost/
---
2020/03/22 08:58:38 [error] [exception.CHttpException.404] CHttpException: Unable to resolve the request "css/fonts/Material-Design-Iconic-Font.woff2". in C:\xampp\yii\framework\web\CWebApplication.php:286
Stack trace:
#0 C:\xampp\yii\framework\web\CWebApplication.php(141): CWebApplication->runController('css/fonts/Mater...')
#1 C:\xampp\yii\framework\base\CApplication.php(180): CWebApplication->processRequest()
#2 C:\xampp\htdocs\index.php(13): CApplication->run()
#3 {main}
REQUEST_URI=/css/fonts/Material-Design-Iconic-Font.woff2?v=2.2.0
HTTP_REFERER=http://localhost/css/wisp/material-design-iconic-font.min.css
---
2020/03/22 08:58:38 [error] [exception.CHttpException.404] CHttpException: Unable to resolve the request "css/fonts/fontawesome-webfont.woff2". in C:\xampp\yii\framework\web\CWebApplication.php:286
Stack trace:
#0 C:\xampp\yii\framework\web\CWebApplication.php(141): CWebApplication->runController('css/fonts/fonta...')
#1 C:\xampp\yii\framework\base\CApplication.php(180): CWebApplication->processRequest()
#2 C:\xampp\htdocs\index.php(13): CApplication->run()
#3 {main}
REQUEST_URI=/css/fonts/fontawesome-webfont.woff2?v=4.7.0
HTTP_REFERER=http://localhost/css/wisp/font-awesome.min.css
---
2020/03/22 08:58:38 [error] [exception.CHttpException.404] CHttpException: Unable to resolve the request "css/wisp/fonts/ElegantIcons.woff". in C:\xampp\yii\framework\web\CWebApplication.php:286
Stack trace:
#0 C:\xampp\yii\framework\web\CWebApplication.php(141): CWebApplication->runController('css/wisp/fonts/...')
#1 C:\xampp\yii\framework\base\CApplication.php(180): CWebApplication->processRequest()
#2 C:\xampp\htdocs\index.php(13): CApplication->run()
#3 {main}
REQUEST_URI=/css/wisp/fonts/ElegantIcons.woff
HTTP_REFERER=http://localhost/css/wisp/style.css
---
2020/03/22 08:58:38 [error] [exception.CHttpException.404] CHttpException: Unable to resolve the request "etline/fonts/et-line.woff". in C:\xampp\yii\framework\web\CWebApplication.php:286
Stack trace:
#0 C:\xampp\yii\framework\web\CWebApplication.php(141): CWebApplication->runController('etline/fonts/et...')
#1 C:\xampp\yii\framework\base\CApplication.php(180): CWebApplication->processRequest()
#2 C:\xampp\htdocs\index.php(13): CApplication->run()
#3 {main}
REQUEST_URI=/etline/fonts/et-line.woff
HTTP_REFERER=http://localhost/etline/style.css
---
2020/03/22 08:58:38 [error] [exception.CHttpException.404] CHttpException: Unable to resolve the request "img/member-img/1.jpg". in C:\xampp\yii\framework\web\CWebApplication.php:286
Stack trace:
#0 C:\xampp\yii\framework\web\CWebApplication.php(141): CWebApplication->runController('img/member-img/...')
#1 C:\xampp\yii\framework\base\CApplication.php(180): CWebApplication->processRequest()
#2 C:\xampp\htdocs\index.php(13): CApplication->run()
#3 {main}
REQUEST_URI=/img/member-img/1.jpg
HTTP_REFERER=http://localhost/
---
2020/03/22 08:58:38 [error] [exception.CHttpException.404] CHttpException: Unable to resolve the request "css/fonts/themify.woff". in C:\xampp\yii\framework\web\CWebApplication.php:286
Stack trace:
#0 C:\xampp\yii\framework\web\CWebApplication.php(141): CWebApplication->runController('css/fonts/themi...')
#1 C:\xampp\yii\framework\base\CApplication.php(180): CWebApplication->processRequest()
#2 C:\xampp\htdocs\index.php(13): CApplication->run()
#3 {main}
REQUEST_URI=/css/fonts/themify.woff?-fvbane
HTTP_REFERER=http://localhost/css/wisp/default-assets/themify-icons.css
---
2020/03/22 08:58:38 [error] [exception.CHttpException.404] CHttpException: Unable to resolve the request "css/fonts/Material-Design-Iconic-Font.woff". in C:\xampp\yii\framework\web\CWebApplication.php:286
Stack trace:
#0 C:\xampp\yii\framework\web\CWebApplication.php(141): CWebApplication->runController('css/fonts/Mater...')
#1 C:\xampp\yii\framework\base\CApplication.php(180): CWebApplication->processRequest()
#2 C:\xampp\htdocs\index.php(13): CApplication->run()
#3 {main}
REQUEST_URI=/css/fonts/Material-Design-Iconic-Font.woff?v=2.2.0
HTTP_REFERER=http://localhost/css/wisp/material-design-iconic-font.min.css
---
2020/03/22 08:58:39 [error] [exception.CHttpException.404] CHttpException: Unable to resolve the request "css/wisp/fonts/ElegantIcons.ttf". in C:\xampp\yii\framework\web\CWebApplication.php:286
Stack trace:
#0 C:\xampp\yii\framework\web\CWebApplication.php(141): CWebApplication->runController('css/wisp/fonts/...')
#1 C:\xampp\yii\framework\base\CApplication.php(180): CWebApplication->processRequest()
#2 C:\xampp\htdocs\index.php(13): CApplication->run()
#3 {main}
REQUEST_URI=/css/wisp/fonts/ElegantIcons.ttf
HTTP_REFERER=http://localhost/css/wisp/style.css
---
2020/03/22 08:58:39 [error] [exception.CHttpException.404] CHttpException: Unable to resolve the request "etline/fonts/et-line.ttf". in C:\xampp\yii\framework\web\CWebApplication.php:286
Stack trace:
#0 C:\xampp\yii\framework\web\CWebApplication.php(141): CWebApplication->runController('etline/fonts/et...')
#1 C:\xampp\yii\framework\base\CApplication.php(180): CWebApplication->processRequest()
#2 C:\xampp\htdocs\index.php(13): CApplication->run()
#3 {main}
REQUEST_URI=/etline/fonts/et-line.ttf
HTTP_REFERER=http://localhost/etline/style.css
---
2020/03/22 08:58:39 [error] [exception.CHttpException.404] CHttpException: Unable to resolve the request "css/fonts/fontawesome-webfont.woff". in C:\xampp\yii\framework\web\CWebApplication.php:286
Stack trace:
#0 C:\xampp\yii\framework\web\CWebApplication.php(141): CWebApplication->runController('css/fonts/fonta...')
#1 C:\xampp\yii\framework\base\CApplication.php(180): CWebApplication->processRequest()
#2 C:\xampp\htdocs\index.php(13): CApplication->run()
#3 {main}
REQUEST_URI=/css/fonts/fontawesome-webfont.woff?v=4.7.0
HTTP_REFERER=http://localhost/css/wisp/font-awesome.min.css
---
2020/03/22 08:58:39 [error] [exception.CHttpException.404] CHttpException: Unable to resolve the request "css/fonts/themify.ttf". in C:\xampp\yii\framework\web\CWebApplication.php:286
Stack trace:
#0 C:\xampp\yii\framework\web\CWebApplication.php(141): CWebApplication->runController('css/fonts/themi...')
#1 C:\xampp\yii\framework\base\CApplication.php(180): CWebApplication->processRequest()
#2 C:\xampp\htdocs\index.php(13): CApplication->run()
#3 {main}
REQUEST_URI=/css/fonts/themify.ttf?-fvbane
HTTP_REFERER=http://localhost/css/wisp/default-assets/themify-icons.css
---
2020/03/22 08:58:39 [error] [exception.CHttpException.404] CHttpException: Unable to resolve the request "css/fonts/Material-Design-Iconic-Font.ttf". in C:\xampp\yii\framework\web\CWebApplication.php:286
Stack trace:
#0 C:\xampp\yii\framework\web\CWebApplication.php(141): CWebApplication->runController('css/fonts/Mater...')
#1 C:\xampp\yii\framework\base\CApplication.php(180): CWebApplication->processRequest()
#2 C:\xampp\htdocs\index.php(13): CApplication->run()
#3 {main}
REQUEST_URI=/css/fonts/Material-Design-Iconic-Font.ttf?v=2.2.0
HTTP_REFERER=http://localhost/css/wisp/material-design-iconic-font.min.css
---
2020/03/22 08:58:40 [error] [exception.CHttpException.404] CHttpException: Unable to resolve the request "css/fonts/fontawesome-webfont.ttf". in C:\xampp\yii\framework\web\CWebApplication.php:286
Stack trace:
#0 C:\xampp\yii\framework\web\CWebApplication.php(141): CWebApplication->runController('css/fonts/fonta...')
#1 C:\xampp\yii\framework\base\CApplication.php(180): CWebApplication->processRequest()
#2 C:\xampp\htdocs\index.php(13): CApplication->run()
#3 {main}
REQUEST_URI=/css/fonts/fontawesome-webfont.ttf?v=4.7.0
HTTP_REFERER=http://localhost/css/wisp/font-awesome.min.css
---
2020/03/22 09:00:26 [error] [exception.CHttpException.404] CHttpException: Unable to resolve the request "img/core-img/logo.png". in C:\xampp\yii\framework\web\CWebApplication.php:286
Stack trace:
#0 C:\xampp\yii\framework\web\CWebApplication.php(141): CWebApplication->runController('img/core-img/lo...')
#1 C:\xampp\yii\framework\base\CApplication.php(180): CWebApplication->processRequest()
#2 C:\xampp\htdocs\index.php(13): CApplication->run()
#3 {main}
REQUEST_URI=/img/core-img/logo.png
HTTP_REFERER=http://localhost/
---
2020/03/22 09:00:26 [error] [exception.CHttpException.404] CHttpException: Unable to resolve the request "img/core-img/small-logo.png". in C:\xampp\yii\framework\web\CWebApplication.php:286
Stack trace:
#0 C:\xampp\yii\framework\web\CWebApplication.php(141): CWebApplication->runController('img/core-img/sm...')
#1 C:\xampp\yii\framework\base\CApplication.php(180): CWebApplication->processRequest()
#2 C:\xampp\htdocs\index.php(13): CApplication->run()
#3 {main}
REQUEST_URI=/img/core-img/small-logo.png
HTTP_REFERER=http://localhost/
---
2020/03/22 09:00:26 [error] [exception.CHttpException.404] CHttpException: Unable to resolve the request "img/member-img/1.jpg". in C:\xampp\yii\framework\web\CWebApplication.php:286
Stack trace:
#0 C:\xampp\yii\framework\web\CWebApplication.php(141): CWebApplication->runController('img/member-img/...')
#1 C:\xampp\yii\framework\base\CApplication.php(180): CWebApplication->processRequest()
#2 C:\xampp\htdocs\index.php(13): CApplication->run()
#3 {main}
REQUEST_URI=/img/member-img/1.jpg
HTTP_REFERER=http://localhost/
---
2020/03/22 09:00:26 [error] [exception.CHttpException.404] CHttpException: Unable to resolve the request "img/member-img/2.jpg". in C:\xampp\yii\framework\web\CWebApplication.php:286
Stack trace:
#0 C:\xampp\yii\framework\web\CWebApplication.php(141): CWebApplication->runController('img/member-img/...')
#1 C:\xampp\yii\framework\base\CApplication.php(180): CWebApplication->processRequest()
#2 C:\xampp\htdocs\index.php(13): CApplication->run()
#3 {main}
REQUEST_URI=/img/member-img/2.jpg
HTTP_REFERER=http://localhost/
---
2020/03/22 09:00:26 [error] [exception.CHttpException.404] CHttpException: Unable to resolve the request "img/member-img/4.jpg". in C:\xampp\yii\framework\web\CWebApplication.php:286
Stack trace:
#0 C:\xampp\yii\framework\web\CWebApplication.php(141): CWebApplication->runController('img/member-img/...')
#1 C:\xampp\yii\framework\base\CApplication.php(180): CWebApplication->processRequest()
#2 C:\xampp\htdocs\index.php(13): CApplication->run()
#3 {main}
REQUEST_URI=/img/member-img/4.jpg
HTTP_REFERER=http://localhost/
---
2020/03/22 09:00:26 [error] [exception.CHttpException.404] CHttpException: Unable to resolve the request "img/member-img/3.jpg". in C:\xampp\yii\framework\web\CWebApplication.php:286
Stack trace:
#0 C:\xampp\yii\framework\web\CWebApplication.php(141): CWebApplication->runController('img/member-img/...')
#1 C:\xampp\yii\framework\base\CApplication.php(180): CWebApplication->processRequest()
#2 C:\xampp\htdocs\index.php(13): CApplication->run()
#3 {main}
REQUEST_URI=/img/member-img/3.jpg
HTTP_REFERER=http://localhost/
---
2020/03/22 09:00:26 [error] [exception.CHttpException.404] CHttpException: Unable to resolve the request "img/member-img/5.jpg". in C:\xampp\yii\framework\web\CWebApplication.php:286
Stack trace:
#0 C:\xampp\yii\framework\web\CWebApplication.php(141): CWebApplication->runController('img/member-img/...')
#1 C:\xampp\yii\framework\base\CApplication.php(180): CWebApplication->processRequest()
#2 C:\xampp\htdocs\index.php(13): CApplication->run()
#3 {main}
REQUEST_URI=/img/member-img/5.jpg
HTTP_REFERER=http://localhost/
---
2020/03/22 09:00:26 [error] [exception.CHttpException.404] CHttpException: Unable to resolve the request "css/wisp/typicons.min.css". in C:\xampp\yii\framework\web\CWebApplication.php:286
Stack trace:
#0 C:\xampp\yii\framework\web\CWebApplication.php(141): CWebApplication->runController('css/wisp/typico...')
#1 C:\xampp\yii\framework\base\CApplication.php(180): CWebApplication->processRequest()
#2 C:\xampp\htdocs\index.php(13): CApplication->run()
#3 {main}
REQUEST_URI=/css/wisp/typicons.min.css
HTTP_REFERER=http://localhost/
---
2020/03/22 09:00:26 [error] [exception.CHttpException.404] CHttpException: Unable to resolve the request "img/member-img/6.jpg". in C:\xampp\yii\framework\web\CWebApplication.php:286
Stack trace:
#0 C:\xampp\yii\framework\web\CWebApplication.php(141): CWebApplication->runController('img/member-img/...')
#1 C:\xampp\yii\framework\base\CApplication.php(180): CWebApplication->processRequest()
#2 C:\xampp\htdocs\index.php(13): CApplication->run()
#3 {main}
REQUEST_URI=/img/member-img/6.jpg
HTTP_REFERER=http://localhost/
---
2020/03/22 09:00:27 [error] [exception.CHttpException.404] CHttpException: Unable to resolve the request "img/bg-img/bg-icon.png". in C:\xampp\yii\framework\web\CWebApplication.php:286
Stack trace:
#0 C:\xampp\yii\framework\web\CWebApplication.php(141): CWebApplication->runController('img/bg-img/bg-i...')
#1 C:\xampp\yii\framework\base\CApplication.php(180): CWebApplication->processRequest()
#2 C:\xampp\htdocs\index.php(13): CApplication->run()
#3 {main}
REQUEST_URI=/img/bg-img/bg-icon.png
HTTP_REFERER=http://localhost/
---
2020/03/22 09:00:28 [error] [exception.CHttpException.404] CHttpException: Unable to resolve the request "css/fonts/themify.woff". in C:\xampp\yii\framework\web\CWebApplication.php:286
Stack trace:
#0 C:\xampp\yii\framework\web\CWebApplication.php(141): CWebApplication->runController('css/fonts/themi...')
#1 C:\xampp\yii\framework\base\CApplication.php(180): CWebApplication->processRequest()
#2 C:\xampp\htdocs\index.php(13): CApplication->run()
#3 {main}
REQUEST_URI=/css/fonts/themify.woff?-fvbane
HTTP_REFERER=http://localhost/css/wisp/default-assets/themify-icons.css
---
2020/03/22 09:00:28 [error] [exception.CHttpException.404] CHttpException: Unable to resolve the request "css/wisp/fonts/ElegantIcons.woff". in C:\xampp\yii\framework\web\CWebApplication.php:286
Stack trace:
#0 C:\xampp\yii\framework\web\CWebApplication.php(141): CWebApplication->runController('css/wisp/fonts/...')
#1 C:\xampp\yii\framework\base\CApplication.php(180): CWebApplication->processRequest()
#2 C:\xampp\htdocs\index.php(13): CApplication->run()
#3 {main}
REQUEST_URI=/css/wisp/fonts/ElegantIcons.woff
HTTP_REFERER=http://localhost/css/wisp/style.css
---
2020/03/22 09:00:27 [error] [exception.CHttpException.404] CHttpException: Unable to resolve the request "css/fonts/Material-Design-Iconic-Font.woff2". in C:\xampp\yii\framework\web\CWebApplication.php:286
Stack trace:
#0 C:\xampp\yii\framework\web\CWebApplication.php(141): CWebApplication->runController('css/fonts/Mater...')
#1 C:\xampp\yii\framework\base\CApplication.php(180): CWebApplication->processRequest()
#2 C:\xampp\htdocs\index.php(13): CApplication->run()
#3 {main}
REQUEST_URI=/css/fonts/Material-Design-Iconic-Font.woff2?v=2.2.0
HTTP_REFERER=http://localhost/css/wisp/material-design-iconic-font.min.css
---
2020/03/22 09:00:28 [error] [exception.CHttpException.404] CHttpException: Unable to resolve the request "etline/fonts/et-line.woff". in C:\xampp\yii\framework\web\CWebApplication.php:286
Stack trace:
#0 C:\xampp\yii\framework\web\CWebApplication.php(141): CWebApplication->runController('etline/fonts/et...')
#1 C:\xampp\yii\framework\base\CApplication.php(180): CWebApplication->processRequest()
#2 C:\xampp\htdocs\index.php(13): CApplication->run()
#3 {main}
REQUEST_URI=/etline/fonts/et-line.woff
HTTP_REFERER=http://localhost/etline/style.css
---
2020/03/22 09:00:28 [error] [exception.CHttpException.404] CHttpException: Unable to resolve the request "css/fonts/fontawesome-webfont.woff2". in C:\xampp\yii\framework\web\CWebApplication.php:286
Stack trace:
#0 C:\xampp\yii\framework\web\CWebApplication.php(141): CWebApplication->runController('css/fonts/fonta...')
#1 C:\xampp\yii\framework\base\CApplication.php(180): CWebApplication->processRequest()
#2 C:\xampp\htdocs\index.php(13): CApplication->run()
#3 {main}
REQUEST_URI=/css/fonts/fontawesome-webfont.woff2?v=4.7.0
HTTP_REFERER=http://localhost/css/wisp/font-awesome.min.css
---
2020/03/22 09:00:28 [error] [exception.CHttpException.404] CHttpException: Unable to resolve the request "img/member-img/1.jpg". in C:\xampp\yii\framework\web\CWebApplication.php:286
Stack trace:
#0 C:\xampp\yii\framework\web\CWebApplication.php(141): CWebApplication->runController('img/member-img/...')
#1 C:\xampp\yii\framework\base\CApplication.php(180): CWebApplication->processRequest()
#2 C:\xampp\htdocs\index.php(13): CApplication->run()
#3 {main}
REQUEST_URI=/img/member-img/1.jpg
HTTP_REFERER=http://localhost/
---
2020/03/22 09:00:28 [error] [exception.CHttpException.404] CHttpException: Unable to resolve the request "css/wisp/fonts/ElegantIcons.ttf". in C:\xampp\yii\framework\web\CWebApplication.php:286
Stack trace:
#0 C:\xampp\yii\framework\web\CWebApplication.php(141): CWebApplication->runController('css/wisp/fonts/...')
#1 C:\xampp\yii\framework\base\CApplication.php(180): CWebApplication->processRequest()
#2 C:\xampp\htdocs\index.php(13): CApplication->run()
#3 {main}
REQUEST_URI=/css/wisp/fonts/ElegantIcons.ttf
HTTP_REFERER=http://localhost/css/wisp/style.css
---
2020/03/22 09:00:28 [error] [exception.CHttpException.404] CHttpException: Unable to resolve the request "css/fonts/Material-Design-Iconic-Font.woff". in C:\xampp\yii\framework\web\CWebApplication.php:286
Stack trace:
#0 C:\xampp\yii\framework\web\CWebApplication.php(141): CWebApplication->runController('css/fonts/Mater...')
#1 C:\xampp\yii\framework\base\CApplication.php(180): CWebApplication->processRequest()
#2 C:\xampp\htdocs\index.php(13): CApplication->run()
#3 {main}
REQUEST_URI=/css/fonts/Material-Design-Iconic-Font.woff?v=2.2.0
HTTP_REFERER=http://localhost/css/wisp/material-design-iconic-font.min.css
---
2020/03/22 09:00:28 [error] [exception.CHttpException.404] CHttpException: Unable to resolve the request "css/fonts/themify.ttf". in C:\xampp\yii\framework\web\CWebApplication.php:286
Stack trace:
#0 C:\xampp\yii\framework\web\CWebApplication.php(141): CWebApplication->runController('css/fonts/themi...')
#1 C:\xampp\yii\framework\base\CApplication.php(180): CWebApplication->processRequest()
#2 C:\xampp\htdocs\index.php(13): CApplication->run()
#3 {main}
REQUEST_URI=/css/fonts/themify.ttf?-fvbane
HTTP_REFERER=http://localhost/css/wisp/default-assets/themify-icons.css
---
2020/03/22 09:00:28 [error] [exception.CHttpException.404] CHttpException: Unable to resolve the request "etline/fonts/et-line.ttf". in C:\xampp\yii\framework\web\CWebApplication.php:286
Stack trace:
#0 C:\xampp\yii\framework\web\CWebApplication.php(141): CWebApplication->runController('etline/fonts/et...')
#1 C:\xampp\yii\framework\base\CApplication.php(180): CWebApplication->processRequest()
#2 C:\xampp\htdocs\index.php(13): CApplication->run()
#3 {main}
REQUEST_URI=/etline/fonts/et-line.ttf
HTTP_REFERER=http://localhost/etline/style.css
---
2020/03/22 09:00:28 [error] [exception.CHttpException.404] CHttpException: Unable to resolve the request "css/fonts/fontawesome-webfont.woff". in C:\xampp\yii\framework\web\CWebApplication.php:286
Stack trace:
#0 C:\xampp\yii\framework\web\CWebApplication.php(141): CWebApplication->runController('css/fonts/fonta...')
#1 C:\xampp\yii\framework\base\CApplication.php(180): CWebApplication->processRequest()
#2 C:\xampp\htdocs\index.php(13): CApplication->run()
#3 {main}
REQUEST_URI=/css/fonts/fontawesome-webfont.woff?v=4.7.0
HTTP_REFERER=http://localhost/css/wisp/font-awesome.min.css
---
2020/03/22 09:00:29 [error] [exception.CHttpException.404] CHttpException: Unable to resolve the request "css/fonts/Material-Design-Iconic-Font.ttf". in C:\xampp\yii\framework\web\CWebApplication.php:286
Stack trace:
#0 C:\xampp\yii\framework\web\CWebApplication.php(141): CWebApplication->runController('css/fonts/Mater...')
#1 C:\xampp\yii\framework\base\CApplication.php(180): CWebApplication->processRequest()
#2 C:\xampp\htdocs\index.php(13): CApplication->run()
#3 {main}
REQUEST_URI=/css/fonts/Material-Design-Iconic-Font.ttf?v=2.2.0
HTTP_REFERER=http://localhost/css/wisp/material-design-iconic-font.min.css
---
2020/03/22 09:00:29 [error] [exception.CHttpException.404] CHttpException: Unable to resolve the request "css/fonts/fontawesome-webfont.ttf". in C:\xampp\yii\framework\web\CWebApplication.php:286
Stack trace:
#0 C:\xampp\yii\framework\web\CWebApplication.php(141): CWebApplication->runController('css/fonts/fonta...')
#1 C:\xampp\yii\framework\base\CApplication.php(180): CWebApplication->processRequest()
#2 C:\xampp\htdocs\index.php(13): CApplication->run()
#3 {main}
REQUEST_URI=/css/fonts/fontawesome-webfont.ttf?v=4.7.0
HTTP_REFERER=http://localhost/css/wisp/font-awesome.min.css
---
2020/03/22 09:00:54 [error] [exception.CHttpException.404] CHttpException: Unable to resolve the request "img/core-img/small-logo.png". in C:\xampp\yii\framework\web\CWebApplication.php:286
Stack trace:
#0 C:\xampp\yii\framework\web\CWebApplication.php(141): CWebApplication->runController('img/core-img/sm...')
#1 C:\xampp\yii\framework\base\CApplication.php(180): CWebApplication->processRequest()
#2 C:\xampp\htdocs\index.php(13): CApplication->run()
#3 {main}
REQUEST_URI=/img/core-img/small-logo.png
HTTP_REFERER=http://localhost/
---
2020/03/22 09:00:54 [error] [exception.CHttpException.404] CHttpException: Unable to resolve the request "img/core-img/logo.png". in C:\xampp\yii\framework\web\CWebApplication.php:286
Stack trace:
#0 C:\xampp\yii\framework\web\CWebApplication.php(141): CWebApplication->runController('img/core-img/lo...')
#1 C:\xampp\yii\framework\base\CApplication.php(180): CWebApplication->processRequest()
#2 C:\xampp\htdocs\index.php(13): CApplication->run()
#3 {main}
REQUEST_URI=/img/core-img/logo.png
HTTP_REFERER=http://localhost/
---
2020/03/22 09:00:54 [error] [exception.CHttpException.404] CHttpException: Unable to resolve the request "img/member-img/2.jpg". in C:\xampp\yii\framework\web\CWebApplication.php:286
Stack trace:
#0 C:\xampp\yii\framework\web\CWebApplication.php(141): CWebApplication->runController('img/member-img/...')
#1 C:\xampp\yii\framework\base\CApplication.php(180): CWebApplication->processRequest()
#2 C:\xampp\htdocs\index.php(13): CApplication->run()
#3 {main}
REQUEST_URI=/img/member-img/2.jpg
HTTP_REFERER=http://localhost/
---
2020/03/22 09:00:54 [error] [exception.CHttpException.404] CHttpException: Unable to resolve the request "img/member-img/1.jpg". in C:\xampp\yii\framework\web\CWebApplication.php:286
Stack trace:
#0 C:\xampp\yii\framework\web\CWebApplication.php(141): CWebApplication->runController('img/member-img/...')
#1 C:\xampp\yii\framework\base\CApplication.php(180): CWebApplication->processRequest()
#2 C:\xampp\htdocs\index.php(13): CApplication->run()
#3 {main}
REQUEST_URI=/img/member-img/1.jpg
HTTP_REFERER=http://localhost/
---
2020/03/22 09:00:54 [error] [exception.CHttpException.404] CHttpException: Unable to resolve the request "img/member-img/3.jpg". in C:\xampp\yii\framework\web\CWebApplication.php:286
Stack trace:
#0 C:\xampp\yii\framework\web\CWebApplication.php(141): CWebApplication->runController('img/member-img/...')
#1 C:\xampp\yii\framework\base\CApplication.php(180): CWebApplication->processRequest()
#2 C:\xampp\htdocs\index.php(13): CApplication->run()
#3 {main}
REQUEST_URI=/img/member-img/3.jpg
HTTP_REFERER=http://localhost/
---
2020/03/22 09:00:54 [error] [exception.CHttpException.404] CHttpException: Unable to resolve the request "img/member-img/4.jpg". in C:\xampp\yii\framework\web\CWebApplication.php:286
Stack trace:
#0 C:\xampp\yii\framework\web\CWebApplication.php(141): CWebApplication->runController('img/member-img/...')
#1 C:\xampp\yii\framework\base\CApplication.php(180): CWebApplication->processRequest()
#2 C:\xampp\htdocs\index.php(13): CApplication->run()
#3 {main}
REQUEST_URI=/img/member-img/4.jpg
HTTP_REFERER=http://localhost/
---
2020/03/22 09:00:54 [error] [exception.CHttpException.404] CHttpException: Unable to resolve the request "img/member-img/5.jpg". in C:\xampp\yii\framework\web\CWebApplication.php:286
Stack trace:
#0 C:\xampp\yii\framework\web\CWebApplication.php(141): CWebApplication->runController('img/member-img/...')
#1 C:\xampp\yii\framework\base\CApplication.php(180): CWebApplication->processRequest()
#2 C:\xampp\htdocs\index.php(13): CApplication->run()
#3 {main}
REQUEST_URI=/img/member-img/5.jpg
HTTP_REFERER=http://localhost/
---
2020/03/22 09:00:54 [error] [exception.CHttpException.404] CHttpException: Unable to resolve the request "css/wisp/typicons.min.css". in C:\xampp\yii\framework\web\CWebApplication.php:286
Stack trace:
#0 C:\xampp\yii\framework\web\CWebApplication.php(141): CWebApplication->runController('css/wisp/typico...')
#1 C:\xampp\yii\framework\base\CApplication.php(180): CWebApplication->processRequest()
#2 C:\xampp\htdocs\index.php(13): CApplication->run()
#3 {main}
REQUEST_URI=/css/wisp/typicons.min.css
HTTP_REFERER=http://localhost/
---
2020/03/22 09:00:54 [error] [exception.CHttpException.404] CHttpException: Unable to resolve the request "img/member-img/6.jpg". in C:\xampp\yii\framework\web\CWebApplication.php:286
Stack trace:
#0 C:\xampp\yii\framework\web\CWebApplication.php(141): CWebApplication->runController('img/member-img/...')
#1 C:\xampp\yii\framework\base\CApplication.php(180): CWebApplication->processRequest()
#2 C:\xampp\htdocs\index.php(13): CApplication->run()
#3 {main}
REQUEST_URI=/img/member-img/6.jpg
HTTP_REFERER=http://localhost/
---
2020/03/22 09:00:54 [error] [exception.CHttpException.404] CHttpException: Unable to resolve the request "img/bg-img/bg-icon.png". in C:\xampp\yii\framework\web\CWebApplication.php:286
Stack trace:
#0 C:\xampp\yii\framework\web\CWebApplication.php(141): CWebApplication->runController('img/bg-img/bg-i...')
#1 C:\xampp\yii\framework\base\CApplication.php(180): CWebApplication->processRequest()
#2 C:\xampp\htdocs\index.php(13): CApplication->run()
#3 {main}
REQUEST_URI=/img/bg-img/bg-icon.png
HTTP_REFERER=http://localhost/
---
2020/03/22 09:00:55 [error] [exception.CHttpException.404] CHttpException: Unable to resolve the request "css/fonts/fontawesome-webfont.woff2". in C:\xampp\yii\framework\web\CWebApplication.php:286
Stack trace:
#0 C:\xampp\yii\framework\web\CWebApplication.php(141): CWebApplication->runController('css/fonts/fonta...')
#1 C:\xampp\yii\framework\base\CApplication.php(180): CWebApplication->processRequest()
#2 C:\xampp\htdocs\index.php(13): CApplication->run()
#3 {main}
REQUEST_URI=/css/fonts/fontawesome-webfont.woff2?v=4.7.0
HTTP_REFERER=http://localhost/css/wisp/font-awesome.min.css
---
2020/03/22 09:00:55 [error] [exception.CHttpException.404] CHttpException: Unable to resolve the request "css/fonts/Material-Design-Iconic-Font.woff2". in C:\xampp\yii\framework\web\CWebApplication.php:286
Stack trace:
#0 C:\xampp\yii\framework\web\CWebApplication.php(141): CWebApplication->runController('css/fonts/Mater...')
#1 C:\xampp\yii\framework\base\CApplication.php(180): CWebApplication->processRequest()
#2 C:\xampp\htdocs\index.php(13): CApplication->run()
#3 {main}
REQUEST_URI=/css/fonts/Material-Design-Iconic-Font.woff2?v=2.2.0
HTTP_REFERER=http://localhost/css/wisp/material-design-iconic-font.min.css
---
2020/03/22 09:00:55 [error] [exception.CHttpException.404] CHttpException: Unable to resolve the request "etline/fonts/et-line.woff". in C:\xampp\yii\framework\web\CWebApplication.php:286
Stack trace:
#0 C:\xampp\yii\framework\web\CWebApplication.php(141): CWebApplication->runController('etline/fonts/et...')
#1 C:\xampp\yii\framework\base\CApplication.php(180): CWebApplication->processRequest()
#2 C:\xampp\htdocs\index.php(13): CApplication->run()
#3 {main}
REQUEST_URI=/etline/fonts/et-line.woff
HTTP_REFERER=http://localhost/etline/style.css
---
2020/03/22 09:00:55 [error] [exception.CHttpException.404] CHttpException: Unable to resolve the request "css/wisp/fonts/ElegantIcons.woff". in C:\xampp\yii\framework\web\CWebApplication.php:286
Stack trace:
#0 C:\xampp\yii\framework\web\CWebApplication.php(141): CWebApplication->runController('css/wisp/fonts/...')
#1 C:\xampp\yii\framework\base\CApplication.php(180): CWebApplication->processRequest()
#2 C:\xampp\htdocs\index.php(13): CApplication->run()
#3 {main}
REQUEST_URI=/css/wisp/fonts/ElegantIcons.woff
HTTP_REFERER=http://localhost/css/wisp/style.css
---
2020/03/22 09:00:55 [error] [exception.CHttpException.404] CHttpException: Unable to resolve the request "css/fonts/themify.woff". in C:\xampp\yii\framework\web\CWebApplication.php:286
Stack trace:
#0 C:\xampp\yii\framework\web\CWebApplication.php(141): CWebApplication->runController('css/fonts/themi...')
#1 C:\xampp\yii\framework\base\CApplication.php(180): CWebApplication->processRequest()
#2 C:\xampp\htdocs\index.php(13): CApplication->run()
#3 {main}
REQUEST_URI=/css/fonts/themify.woff?-fvbane
HTTP_REFERER=http://localhost/css/wisp/default-assets/themify-icons.css
---
2020/03/22 09:00:56 [error] [exception.CHttpException.404] CHttpException: Unable to resolve the request "css/fonts/fontawesome-webfont.woff". in C:\xampp\yii\framework\web\CWebApplication.php:286
Stack trace:
#0 C:\xampp\yii\framework\web\CWebApplication.php(141): CWebApplication->runController('css/fonts/fonta...')
#1 C:\xampp\yii\framework\base\CApplication.php(180): CWebApplication->processRequest()
#2 C:\xampp\htdocs\index.php(13): CApplication->run()
#3 {main}
REQUEST_URI=/css/fonts/fontawesome-webfont.woff?v=4.7.0
HTTP_REFERER=http://localhost/css/wisp/font-awesome.min.css
---
2020/03/22 09:00:56 [error] [exception.CHttpException.404] CHttpException: Unable to resolve the request "css/fonts/Material-Design-Iconic-Font.woff". in C:\xampp\yii\framework\web\CWebApplication.php:286
Stack trace:
#0 C:\xampp\yii\framework\web\CWebApplication.php(141): CWebApplication->runController('css/fonts/Mater...')
#1 C:\xampp\yii\framework\base\CApplication.php(180): CWebApplication->processRequest()
#2 C:\xampp\htdocs\index.php(13): CApplication->run()
#3 {main}
REQUEST_URI=/css/fonts/Material-Design-Iconic-Font.woff?v=2.2.0
HTTP_REFERER=http://localhost/css/wisp/material-design-iconic-font.min.css
---
2020/03/22 09:00:56 [error] [exception.CHttpException.404] CHttpException: Unable to resolve the request "etline/fonts/et-line.ttf". in C:\xampp\yii\framework\web\CWebApplication.php:286
Stack trace:
#0 C:\xampp\yii\framework\web\CWebApplication.php(141): CWebApplication->runController('etline/fonts/et...')
#1 C:\xampp\yii\framework\base\CApplication.php(180): CWebApplication->processRequest()
#2 C:\xampp\htdocs\index.php(13): CApplication->run()
#3 {main}
REQUEST_URI=/etline/fonts/et-line.ttf
HTTP_REFERER=http://localhost/etline/style.css
---
2020/03/22 09:00:56 [error] [exception.CHttpException.404] CHttpException: Unable to resolve the request "css/wisp/fonts/ElegantIcons.ttf". in C:\xampp\yii\framework\web\CWebApplication.php:286
Stack trace:
#0 C:\xampp\yii\framework\web\CWebApplication.php(141): CWebApplication->runController('css/wisp/fonts/...')
#1 C:\xampp\yii\framework\base\CApplication.php(180): CWebApplication->processRequest()
#2 C:\xampp\htdocs\index.php(13): CApplication->run()
#3 {main}
REQUEST_URI=/css/wisp/fonts/ElegantIcons.ttf
HTTP_REFERER=http://localhost/css/wisp/style.css
---
2020/03/22 09:00:56 [error] [exception.CHttpException.404] CHttpException: Unable to resolve the request "css/fonts/themify.ttf". in C:\xampp\yii\framework\web\CWebApplication.php:286
Stack trace:
#0 C:\xampp\yii\framework\web\CWebApplication.php(141): CWebApplication->runController('css/fonts/themi...')
#1 C:\xampp\yii\framework\base\CApplication.php(180): CWebApplication->processRequest()
#2 C:\xampp\htdocs\index.php(13): CApplication->run()
#3 {main}
REQUEST_URI=/css/fonts/themify.ttf?-fvbane
HTTP_REFERER=http://localhost/css/wisp/default-assets/themify-icons.css
---
2020/03/22 09:00:56 [error] [exception.CHttpException.404] CHttpException: Unable to resolve the request "css/fonts/fontawesome-webfont.ttf". in C:\xampp\yii\framework\web\CWebApplication.php:286
Stack trace:
#0 C:\xampp\yii\framework\web\CWebApplication.php(141): CWebApplication->runController('css/fonts/fonta...')
#1 C:\xampp\yii\framework\base\CApplication.php(180): CWebApplication->processRequest()
#2 C:\xampp\htdocs\index.php(13): CApplication->run()
#3 {main}
REQUEST_URI=/css/fonts/fontawesome-webfont.ttf?v=4.7.0
HTTP_REFERER=http://localhost/css/wisp/font-awesome.min.css
---
2020/03/22 09:00:56 [error] [exception.CHttpException.404] CHttpException: Unable to resolve the request "css/fonts/Material-Design-Iconic-Font.ttf". in C:\xampp\yii\framework\web\CWebApplication.php:286
Stack trace:
#0 C:\xampp\yii\framework\web\CWebApplication.php(141): CWebApplication->runController('css/fonts/Mater...')
#1 C:\xampp\yii\framework\base\CApplication.php(180): CWebApplication->processRequest()
#2 C:\xampp\htdocs\index.php(13): CApplication->run()
#3 {main}
REQUEST_URI=/css/fonts/Material-Design-Iconic-Font.ttf?v=2.2.0
HTTP_REFERER=http://localhost/css/wisp/material-design-iconic-font.min.css
---
